<?xml version="1.0" encoding="UTF-8"?>
<testng-results skipped="0" failed="0" ignored="0" total="1" passed="1">
  <reporter-output>
  </reporter-output>
  <suite name="Default suite" duration-ms="26796" started-at="2018-08-27T07:11:19Z" finished-at="2018-08-27T07:11:45Z">
    <groups>
    </groups>
    <test name="Default test" duration-ms="26796" started-at="2018-08-27T07:11:19Z" finished-at="2018-08-27T07:11:45Z">
      <class name="edureka.selenium.jenkin.selenium_jenkin_proj.SeleniumDemo">
        <test-method status="PASS" signature="beforeMethod()[pri:0, instance:edureka.selenium.jenkin.selenium_jenkin_proj.SeleniumDemo@26653222]" name="beforeMethod" is-config="true" duration-ms="3349" started-at="2018-08-27T07:11:19Z" finished-at="2018-08-27T07:11:22Z">
          <reporter-output>
          </reporter-output>
        </test-method> <!-- beforeMethod -->
        <test-method status="PASS" signature="LoginTest()[pri:0, instance:edureka.selenium.jenkin.selenium_jenkin_proj.SeleniumDemo@26653222]" name="LoginTest" duration-ms="22496" started-at="2018-08-27T07:11:22Z" finished-at="2018-08-27T07:11:44Z">
          <reporter-output>
          </reporter-output>
        </test-method> <!-- LoginTest -->
        <test-method status="PASS" signature="afterMethod()[pri:0, instance:edureka.selenium.jenkin.selenium_jenkin_proj.SeleniumDemo@26653222]" name="afterMethod" is-config="true" duration-ms="923" started-at="2018-08-27T07:11:44Z" finished-at="2018-08-27T07:11:45Z">
          <reporter-output>
          </reporter-output>
        </test-method> <!-- afterMethod -->
      </class> <!-- edureka.selenium.jenkin.selenium_jenkin_proj.SeleniumDemo -->
    </test> <!-- Default test -->
  </suite> <!-- Default suite -->
</testng-results>
